<?xml version="1.0" encoding="UTF-8"?>
<!-- Generated by org.testng.reporters.JUnitReportReporter -->
<testsuite skipped="0" hostname="amol" name="scripts.Yahoo" tests="1" failures="0" timestamp="23 Feb 2019 17:48:19 GMT" time="44.653" errors="0">
  <testcase name="yahooTest" time="44.653" classname="scripts.Yahoo"/>
</testsuite> <!-- scripts.Yahoo -->
