<?xml version="1.0" encoding="UTF-8"?>
<!-- Generated by org.testng.reporters.JUnitReportReporter -->
<testsuite skipped="0" hostname="amol" name="actionsclass.AnnaUniversity" tests="1" failures="0" timestamp="05 Mar 2019 10:05:33 GMT" time="23.204" errors="0">
  <testcase name="f" time="23.204" classname="actionsclass.AnnaUniversity"/>
</testsuite> <!-- actionsclass.AnnaUniversity -->
