<?xml version="1.0" encoding="UTF-8"?>
<!-- Generated by org.testng.reporters.JUnitReportReporter -->
<testsuite skipped="0" hostname="amol" name="explicitwait.Herokuapp1" tests="1" failures="0" timestamp="02 Mar 2019 08:58:51 GMT" time="20.646" errors="0">
  <testcase name="f" time="20.646" classname="explicitwait.Herokuapp1"/>
</testsuite> <!-- explicitwait.Herokuapp1 -->
