<?xml version="1.0" encoding="UTF-8"?>
<!-- Generated by org.testng.reporters.JUnitReportReporter -->
<testsuite skipped="0" hostname="amol" name="remote.BrowserCommands" tests="1" failures="0" timestamp="06 Mar 2019 07:22:48 GMT" time="34.448" errors="0">
  <testcase name="BrowserTest" time="34.448" classname="remote.BrowserCommands"/>
</testsuite> <!-- remote.BrowserCommands -->
