<?xml version="1.0" encoding="UTF-8"?>
<!-- Generated by org.testng.reporters.JUnitReportReporter -->
<testsuite skipped="0" hostname="amol" name="frames.ToolsQAFrames" tests="1" failures="0" timestamp="03 Mar 2019 08:57:20 GMT" time="73.217" errors="0">
  <testcase name="f" time="73.217" classname="frames.ToolsQAFrames"/>
</testsuite> <!-- frames.ToolsQAFrames -->
