<?xml version="1.0" encoding="UTF-8"?>
<!-- Generated by org.testng.reporters.JUnitReportReporter -->
<testsuite skipped="0" hostname="amol" name="implicitwait.ImplicitWaitTest" tests="1" failures="0" timestamp="25 Feb 2019 12:22:27 GMT" time="22.696" errors="0">
  <testcase name="f" time="22.696" classname="implicitwait.ImplicitWaitTest"/>
</testsuite> <!-- implicitwait.ImplicitWaitTest -->
