<?xml version="1.0" encoding="UTF-8"?>
<!-- Generated by org.testng.reporters.JUnitReportReporter -->
<testsuite skipped="0" hostname="amol" name="actionsclass.GmailTab" tests="1" failures="0" timestamp="04 Mar 2019 12:37:21 GMT" time="15.530" errors="0">
  <testcase name="f" time="15.530" classname="actionsclass.GmailTab"/>
</testsuite> <!-- actionsclass.GmailTab -->
