<?xml version="1.0" encoding="UTF-8"?>
<!-- Generated by org.testng.reporters.JUnitReportReporter -->
<testsuite skipped="0" hostname="amol" name="pageobject.NicheLoginTest" tests="1" failures="0" timestamp="05 Mar 2019 10:19:48 GMT" time="80.866" errors="0">
  <testcase name="f" time="80.866" classname="pageobject.NicheLoginTest"/>
</testsuite> <!-- pageobject.NicheLoginTest -->
