<?xml version="1.0" encoding="UTF-8"?>
<!-- Generated by org.testng.reporters.JUnitReportReporter -->
<testsuite skipped="0" hostname="amol" name="scripts.ToolsQAForm" tests="1" failures="0" timestamp="25 Feb 2019 04:55:50 GMT" time="38.224" errors="0">
  <testcase name="f" time="38.224" classname="scripts.ToolsQAForm"/>
</testsuite> <!-- scripts.ToolsQAForm -->
