<?xml version="1.0" encoding="UTF-8"?>
<!-- Generated by org.testng.reporters.JUnitReportReporter -->
<testsuite skipped="0" hostname="amol" name="alert.AlertTest" tests="1" failures="0" timestamp="27 Feb 2019 05:03:50 GMT" time="46.504" errors="0">
  <testcase name="first" time="46.504" classname="alert.AlertTest"/>
</testsuite> <!-- alert.AlertTest -->
