<?xml version="1.0" encoding="UTF-8"?>
<!-- Generated by org.testng.reporters.JUnitReportReporter -->
<testsuite skipped="0" hostname="amol" name="pageobject.YahooLoginTest" tests="1" failures="0" timestamp="05 Mar 2019 11:55:22 GMT" time="58.188" errors="0">
  <testcase name="YahooComposeTest" time="58.188" classname="pageobject.YahooLoginTest"/>
</testsuite> <!-- pageobject.YahooLoginTest -->
