<?xml version="1.0" encoding="UTF-8"?>
<!-- Generated by org.testng.reporters.JUnitReportReporter -->
<testsuite skipped="0" hostname="amol" name="scripts.IsEnabled" tests="1" failures="0" timestamp="21 Feb 2019 17:33:47 GMT" time="17.109" errors="0">
  <testcase name="f" time="17.109" classname="scripts.IsEnabled"/>
</testsuite> <!-- scripts.IsEnabled -->
