<?xml version="1.0" encoding="UTF-8"?>
<!-- Generated by org.testng.reporters.JUnitReportReporter -->
<testsuite skipped="0" hostname="amol" name="testngannotations.UnderstandAnnotations1" tests="3" failures="0" timestamp="05 Mar 2019 09:29:56 GMT" time="0.027" errors="0">
  <testcase name="test1" time="0.011" classname="testngannotations.UnderstandAnnotations1"/>
  <testcase name="test2" time="0.009" classname="testngannotations.UnderstandAnnotations1"/>
  <testcase name="test3" time="0.007" classname="testngannotations.UnderstandAnnotations1"/>
</testsuite> <!-- testngannotations.UnderstandAnnotations1 -->
