<?xml version="1.0" encoding="UTF-8"?>
<!-- Generated by org.testng.reporters.JUnitReportReporter -->
<testsuite skipped="0" hostname="amol" name="actionsclass.TripHobo" tests="1" failures="0" timestamp="14 Mar 2019 10:14:43 GMT" time="38.554" errors="0">
  <testcase name="f" time="38.554" classname="actionsclass.TripHobo"/>
</testsuite> <!-- actionsclass.TripHobo -->
