<?xml version="1.0" encoding="UTF-8"?>
<!-- Generated by org.testng.reporters.JUnitReportReporter -->
<testsuite skipped="0" hostname="amol" name="windowhandle.CookbookWindowHandle" tests="1" failures="0" timestamp="27 Feb 2019 11:23:06 GMT" time="28.305" errors="0">
  <testcase name="f" time="28.305" classname="windowhandle.CookbookWindowHandle"/>
</testsuite> <!-- windowhandle.CookbookWindowHandle -->
