<?xml version="1.0" encoding="UTF-8"?>
<!-- Generated by org.testng.reporters.JUnitReportReporter -->
<testsuite skipped="0" hostname="amol" name="scripts.CheckBoxRadio" tests="1" failures="0" timestamp="23 Feb 2019 18:47:32 GMT" time="16.918" errors="0">
  <testcase name="CheckboxRadioTest" time="16.918" classname="scripts.CheckBoxRadio"/>
</testsuite> <!-- scripts.CheckBoxRadio -->
