<?xml version="1.0" encoding="UTF-8"?>
<!-- Generated by org.testng.reporters.JUnitReportReporter -->
<testsuite skipped="0" hostname="amol" name="alert.SecondAlertTest" tests="1" failures="0" timestamp="25 Feb 2019 17:26:39 GMT" time="81.993" errors="0">
  <testcase name="SecondTest" time="81.993" classname="alert.SecondAlertTest"/>
</testsuite> <!-- alert.SecondAlertTest -->
