<?xml version="1.0" encoding="UTF-8"?>
<!-- Generated by org.testng.reporters.JUnitReportReporter -->
<testsuite skipped="0" hostname="amol" name="actionsclass.DoubleClick" tests="1" failures="0" timestamp="02 Mar 2019 09:20:54 GMT" time="19.398" errors="0">
  <testcase name="f" time="19.398" classname="actionsclass.DoubleClick"/>
</testsuite> <!-- actionsclass.DoubleClick -->
