<?xml version="1.0" encoding="UTF-8"?>
<!-- Generated by org.testng.reporters.JUnitReportReporter -->
<testsuite skipped="0" hostname="amol" name="testngannotations.UnderstandAnnotations3" tests="3" failures="0" timestamp="05 Mar 2019 09:29:56 GMT" time="0.013" errors="0">
  <testcase name="test3" time="0.003" classname="testngannotations.UnderstandAnnotations3"/>
  <testcase name="test2" time="0.004" classname="testngannotations.UnderstandAnnotations3"/>
  <testcase name="test1" time="0.006" classname="testngannotations.UnderstandAnnotations3"/>
</testsuite> <!-- testngannotations.UnderstandAnnotations3 -->
