<?xml version="1.0" encoding="UTF-8"?>
<!-- Generated by org.testng.reporters.JUnitReportReporter -->
<testsuite skipped="0" hostname="amol" name="scripts.Flipkart" tests="1" failures="0" timestamp="23 Feb 2019 17:24:43 GMT" time="78.583" errors="0">
  <testcase name="f" time="78.583" classname="scripts.Flipkart"/>
</testsuite> <!-- scripts.Flipkart -->
