<?xml version="1.0" encoding="UTF-8"?>
<!-- Generated by org.testng.reporters.JUnitReportReporter -->
<testsuite skipped="0" hostname="amol" name="datadriventesting.ddtCSV" tests="3" failures="0" timestamp="13 Mar 2019 02:40:40 GMT" time="75.763" errors="0">
  <testcase name="loginToNicheThyself1" time="14.248" classname="datadriventesting.ddtCSV"/>
  <testcase name="loginToNicheThyself1" time="23.342" classname="datadriventesting.ddtCSV"/>
  <testcase name="loginToNicheThyself1" time="38.173" classname="datadriventesting.ddtCSV"/>
</testsuite> <!-- datadriventesting.ddtCSV -->
