<?xml version="1.0" encoding="UTF-8"?>
<!-- Generated by org.testng.reporters.JUnitReportReporter -->
<testsuite skipped="0" hostname="amol" name="scripts.GoogleTest" tests="1" failures="0" timestamp="23 Feb 2019 17:25:35 GMT" time="14.056" errors="0">
  <testcase name="f" time="14.056" classname="scripts.GoogleTest"/>
</testsuite> <!-- scripts.GoogleTest -->
