<?xml version="1.0" encoding="UTF-8"?>
<!-- Generated by org.testng.reporters.JUnitReportReporter -->
<testsuite skipped="0" hostname="amol" name="scripts.GoogleLogin" tests="1" failures="0" timestamp="25 Feb 2019 12:00:02 GMT" time="25.106" errors="0">
  <testcase name="LoginTest" time="25.106" classname="scripts.GoogleLogin"/>
</testsuite> <!-- scripts.GoogleLogin -->
