<?xml version="1.0" encoding="UTF-8"?>
<!-- Generated by org.testng.reporters.JUnitReportReporter -->
<testsuite skipped="0" hostname="amol" name="alert.CookbookAlertThree" tests="1" failures="0" timestamp="25 Feb 2019 17:54:59 GMT" time="19.718" errors="0">
  <testcase name="f" time="19.718" classname="alert.CookbookAlertThree"/>
</testsuite> <!-- alert.CookbookAlertThree -->
