<?xml version="1.0" encoding="UTF-8"?>
<!-- Generated by org.testng.reporters.JUnitReportReporter -->
<testsuite skipped="0" hostname="amol" name="alert.ThirdAlertTest" tests="1" failures="0" timestamp="25 Feb 2019 17:33:13 GMT" time="27.898" errors="0">
  <testcase name="thirdtest" time="27.898" classname="alert.ThirdAlertTest"/>
</testsuite> <!-- alert.ThirdAlertTest -->
