<?xml version="1.0" encoding="UTF-8"?>
<!-- Generated by org.testng.reporters.JUnitReportReporter -->
<testsuite skipped="0" hostname="amol" name="alert.CookbookAlertTwo" tests="1" failures="0" timestamp="25 Feb 2019 17:50:09 GMT" time="20.154" errors="0">
  <testcase name="f" time="20.154" classname="alert.CookbookAlertTwo"/>
</testsuite> <!-- alert.CookbookAlertTwo -->
