<?xml version="1.0" encoding="UTF-8"?>
<!-- Generated by org.testng.reporters.JUnitReportReporter -->
<testsuite skipped="0" hostname="amol" name="scripts.BrowserCommands" tests="1" failures="0" timestamp="21 Feb 2019 04:54:21 GMT" time="57.357" errors="0">
  <testcase name="f" time="57.357" classname="scripts.BrowserCommands"/>
</testsuite> <!-- scripts.BrowserCommands -->
