<?xml version="1.0" encoding="UTF-8"?>
<!-- Generated by org.testng.reporters.JUnitReportReporter -->
<testsuite skipped="0" hostname="amol" name="scripts.ToolsQA" tests="1" failures="0" timestamp="23 Feb 2019 17:16:38 GMT" time="23.892" errors="0">
  <testcase name="f" time="23.892" classname="scripts.ToolsQA"/>
</testsuite> <!-- scripts.ToolsQA -->
