<?xml version="1.0" encoding="UTF-8"?>
<!-- Generated by org.testng.reporters.JUnitReportReporter -->
<testsuite skipped="0" hostname="amol" name="screenshot.screenShot" tests="1" failures="0" timestamp="13 Mar 2019 11:23:28 GMT" time="18.704" errors="0">
  <testcase name="f" time="18.704" classname="screenshot.screenShot"/>
</testsuite> <!-- screenshot.screenShot -->
