<?xml version="1.0" encoding="UTF-8"?>
<!-- Generated by org.testng.reporters.JUnitReportReporter -->
<testsuite skipped="0" hostname="amol" name="scripts.MultiSelect" tests="1" failures="0" timestamp="24 Feb 2019 16:14:21 GMT" time="49.241" errors="0">
  <testcase name="f" time="49.241" classname="scripts.MultiSelect"/>
</testsuite> <!-- scripts.MultiSelect -->
