<?xml version="1.0" encoding="UTF-8"?>
<!-- Generated by org.testng.reporters.JUnitReportReporter -->
<testsuite skipped="0" hostname="amol" name="frames.FramesTest" tests="1" failures="0" timestamp="03 Mar 2019 09:02:24 GMT" time="20.318" errors="0">
  <testcase name="f" time="20.318" classname="frames.FramesTest"/>
</testsuite> <!-- frames.FramesTest -->
